<?xml version="1.0" encoding="UTF-8"?>
<!-- Generated by org.testng.reporters.JUnitXMLReporter -->
<testsuite ignored="3" hostname="DESKTOP-CST3LUL" failures="0" tests="20" name="ChromeTest" time="161.189" errors="0" timestamp="2024-12-31T11:47:05 IST">
  <testcase classname="testClasses.ManageUserTestClass" name="verifyTheManageUsersPageIsOpenWhileClickingOnUsers" time="7.521"/>
  <testcase classname="testClasses.ManageUserTestClass" name="verifyToAdd_aNewUser" time="12.466"/>
  <testcase classname="testClasses.ManageProductTestClass" name="verifyProductsPageIsOpenWhileClickingOnListProducts" time="3.97">
    <skipped/>
  </testcase> <!-- verifyProductsPageIsOpenWhileClickingOnListProducts -->
  <testcase classname="testClasses.ManageProductTestClass" name="verifyProductsPageIsOpenWhileClickingOnListProducts" time="5.122"/>
  <testcase classname="testClasses.ManageProductTestClass" name="verifyToCreateA_newProduct" time="11.811"/>
  <testcase classname="testClasses.ManageProductTestClass" name="verifyToDeleteAddedProduct" time="4.083">
    <skipped/>
  </testcase> <!-- verifyToDeleteAddedProduct -->
  <testcase classname="testClasses.ManageProductTestClass" name="verifyToDeleteAddedProduct" time="4.021">
    <skipped/>
  </testcase> <!-- verifyToDeleteAddedProduct -->
  <testcase classname="testClasses.ManageProductTestClass" name="verifyToDeleteAddedProduct" time="13.206"/>
  <testcase classname="testClasses.HomePageTestClass" name="verifyAllTilesDisplayedOnHomePage" time="3.163"/>
  <testcase classname="testClasses.HomePageTestClass" name="verifySuccessfulSignOut" time="3.955">
    <skipped/>
  </testcase> <!-- verifySuccessfulSignOut -->
  <testcase classname="testClasses.HomePageTestClass" name="verifySuccessfulSignOut" time="3.927">
    <skipped/>
  </testcase> <!-- verifySuccessfulSignOut -->
  <testcase classname="testClasses.HomePageTestClass" name="verifySuccessfulSignOut" time="4.204"/>
  <testcase classname="testClasses.HomePageTestClass" name="verifyTheTooltip_Calculator_isShowingWhileHoveringTheMouseOnCalculator" time="3.503"/>
  <testcase classname="testClasses.LoginPageTestClass" name="verifyTheExactURL_OpensWhileHittingTheBaseURL" time="0.027"/>
  <testcase classname="testClasses.LoginPageTestClass" name="verifyTheRememberMeCheckboxIsSelectedByDefault" time="0.114"/>
  <testcase classname="testClasses.LoginPageTestClass" name="verifyResetPasswordPageComingWhileChickingOnForgotYourPassword" time="0.847"/>
  <testcase classname="testClasses.LoginPageTestClass" name="verifyUnsuccessfulLoginOfTheSite" time="1.22"/>
  <testcase classname="testClasses.LoginPageTestClass" name="verifyUnsuccessfulLoginOfTheSite" time="1.424"/>
  <testcase classname="testClasses.LoginPageTestClass" name="verifyUnsuccessfulLoginOfTheSite" time="1.077"/>
  <testcase classname="testClasses.LoginPageTestClass" name="verifySuccessfullLogin" time="3.315"/>
  <testcase classname="testClasses.BaseClass" name="@BeforeSuite createReport" time="0.0">
    <ignored/>
  </testcase> <!-- @BeforeSuite createReport -->
  <testcase classname="testClasses.BaseClass" name="@BeforeSuite createReport" time="0.0">
    <ignored/>
  </testcase> <!-- @BeforeSuite createReport -->
  <testcase classname="testClasses.BaseClass" name="@BeforeSuite createReport" time="0.0">
    <ignored/>
  </testcase> <!-- @BeforeSuite createReport -->
</testsuite> <!-- ChromeTest -->
