<?xml version="1.0" encoding="UTF-8"?>
<!-- Generated by org.testng.reporters.JUnitXMLReporter -->
<testsuite ignored="3" hostname="DESKTOP-CST3LUL" failures="0" tests="15" name="EdgeTest" time="125.611" errors="0" timestamp="2024-12-31T11:49:11 IST">
  <testcase classname="testClasses.ManageUserTestClass" name="verifyTheManageUsersPageIsOpenWhileClickingOnUsers" time="5.525"/>
  <testcase classname="testClasses.ManageUserTestClass" name="verifyToAdd_aNewUser" time="12.424"/>
  <testcase classname="testClasses.ManageProductTestClass" name="verifyProductsPageIsOpenWhileClickingOnListProducts" time="5.484"/>
  <testcase classname="testClasses.ManageProductTestClass" name="verifyToCreateA_newProduct" time="12.381"/>
  <testcase classname="testClasses.ManageProductTestClass" name="verifyToDeleteAddedProduct" time="13.756"/>
  <testcase classname="testClasses.HomePageTestClass" name="verifyAllTilesDisplayedOnHomePage" time="3.359"/>
  <testcase classname="testClasses.HomePageTestClass" name="verifySuccessfulSignOut" time="4.238"/>
  <testcase classname="testClasses.HomePageTestClass" name="verifyTheTooltip_Calculator_isShowingWhileHoveringTheMouseOnCalculator" time="3.413"/>
  <testcase classname="testClasses.LoginPageTestClass" name="verifyTheExactURL_OpensWhileHittingTheBaseURL" time="0.029"/>
  <testcase classname="testClasses.LoginPageTestClass" name="verifyTheRememberMeCheckboxIsSelectedByDefault" time="0.088"/>
  <testcase classname="testClasses.LoginPageTestClass" name="verifyResetPasswordPageComingWhileChickingOnForgotYourPassword" time="0.809"/>
  <testcase classname="testClasses.LoginPageTestClass" name="verifyUnsuccessfulLoginOfTheSite" time="1.141"/>
  <testcase classname="testClasses.LoginPageTestClass" name="verifyUnsuccessfulLoginOfTheSite" time="1.172"/>
  <testcase classname="testClasses.LoginPageTestClass" name="verifyUnsuccessfulLoginOfTheSite" time="1.222"/>
  <testcase classname="testClasses.LoginPageTestClass" name="verifySuccessfullLogin" time="3.34"/>
  <testcase classname="testClasses.BaseClass" name="@BeforeSuite createReport" time="0.0">
    <ignored/>
  </testcase> <!-- @BeforeSuite createReport -->
  <testcase classname="testClasses.BaseClass" name="@BeforeSuite createReport" time="0.0">
    <ignored/>
  </testcase> <!-- @BeforeSuite createReport -->
  <testcase classname="testClasses.BaseClass" name="@BeforeSuite createReport" time="0.0">
    <ignored/>
  </testcase> <!-- @BeforeSuite createReport -->
</testsuite> <!-- EdgeTest -->
