<?xml version="1.0" encoding="UTF-8"?>
<testng-results ignored="0" total="15" passed="15" failed="0" skipped="0">
  <reporter-output>
  </reporter-output>
  <suite started-at="2025-01-02T14:06:26 IST" name="Suite" finished-at="2025-01-02T14:08:40 IST" duration-ms="133884">
    <groups>
      <group name="Group1">
        <method signature="LoginPageTestClass.verifyTheExactURL_OpensWhileHittingTheBaseURL()[pri:0, instance:testClasses.LoginPageTestClass@e25951c]" name="verifyTheExactURL_OpensWhileHittingTheBaseURL" class="testClasses.LoginPageTestClass"/>
        <method signature="HomePageTestClass.verifySuccessfulSignOut()[pri:1, instance:testClasses.HomePageTestClass@456d6c1e]" name="verifySuccessfulSignOut" class="testClasses.HomePageTestClass"/>
        <method signature="ManageProductTestClass.verifyToCreateA_newProduct()[pri:1, instance:testClasses.ManageProductTestClass@928763c]" name="verifyToCreateA_newProduct" class="testClasses.ManageProductTestClass"/>
        <method signature="ManageUserTestClass.verifyToAdd_aNewUser()[pri:1, instance:testClasses.ManageUserTestClass@3cfdd820]" name="verifyToAdd_aNewUser" class="testClasses.ManageUserTestClass"/>
        <method signature="ManageProductTestClass.verifyToDeleteAddedProduct()[pri:2, instance:testClasses.ManageProductTestClass@928763c]" name="verifyToDeleteAddedProduct" class="testClasses.ManageProductTestClass"/>
        <method signature="LoginPageTestClass.verifyUnsuccessfulLoginOfTheSite(java.lang.String,java.lang.String)[pri:3, instance:testClasses.LoginPageTestClass@e25951c]" name="verifyUnsuccessfulLoginOfTheSite" class="testClasses.LoginPageTestClass"/>
        <method signature="LoginPageTestClass.verifySuccessfullLogin()[pri:4, instance:testClasses.LoginPageTestClass@e25951c]" name="verifySuccessfullLogin" class="testClasses.LoginPageTestClass"/>
      </group> <!-- Group1 -->
      <group name="Group2">
        <method signature="HomePageTestClass.verifyAllTilesDisplayedOnHomePage()[pri:0, instance:testClasses.HomePageTestClass@456d6c1e]" name="verifyAllTilesDisplayedOnHomePage" class="testClasses.HomePageTestClass"/>
        <method signature="ManageProductTestClass.verifyProductsPageIsOpenWhileClickingOnListProducts()[pri:0, instance:testClasses.ManageProductTestClass@928763c]" name="verifyProductsPageIsOpenWhileClickingOnListProducts" class="testClasses.ManageProductTestClass"/>
        <method signature="ManageUserTestClass.verifyTheManageUsersPageIsOpenWhileClickingOnUsers()[pri:0, instance:testClasses.ManageUserTestClass@3cfdd820]" name="verifyTheManageUsersPageIsOpenWhileClickingOnUsers" class="testClasses.ManageUserTestClass"/>
        <method signature="LoginPageTestClass.verifyTheRememberMeCheckboxIsSelectedByDefault()[pri:1, instance:testClasses.LoginPageTestClass@e25951c]" name="verifyTheRememberMeCheckboxIsSelectedByDefault" class="testClasses.LoginPageTestClass"/>
        <method signature="HomePageTestClass.verifyTheTooltip_Calculator_isShowingWhileHoveringTheMouseOnCalculator()[pri:2, instance:testClasses.HomePageTestClass@456d6c1e]" name="verifyTheTooltip_Calculator_isShowingWhileHoveringTheMouseOnCalculator" class="testClasses.HomePageTestClass"/>
        <method signature="LoginPageTestClass.verifyResetPasswordPageComingWhileChickingOnForgotYourPassword()[pri:2, instance:testClasses.LoginPageTestClass@e25951c]" name="verifyResetPasswordPageComingWhileChickingOnForgotYourPassword" class="testClasses.LoginPageTestClass"/>
      </group> <!-- Group2 -->
    </groups>
    <test started-at="2025-01-02T14:06:26 IST" name="Test" finished-at="2025-01-02T14:08:40 IST" duration-ms="133884">
      <class name="testClasses.ManageUserTestClass">
        <test-method is-config="true" signature="beforeMethod(java.lang.String)[pri:0, instance:testClasses.ManageUserTestClass@3cfdd820]" started-at="2025-01-02T14:06:53 IST" name="beforeMethod" finished-at="2025-01-02T14:06:57 IST" duration-ms="3027" status="PASS">
          <params>
            <param index="0">
              <value>
                <![CDATA[chrome]]>
              </value>
            </param>
          </params>
          <reporter-output>
          </reporter-output>
        </test-method> <!-- beforeMethod -->
        <test-method signature="verifyTheManageUsersPageIsOpenWhileClickingOnUsers()[pri:0, instance:testClasses.ManageUserTestClass@3cfdd820]" started-at="2025-01-02T14:06:57 IST" name="verifyTheManageUsersPageIsOpenWhileClickingOnUsers" finished-at="2025-01-02T14:07:02 IST" duration-ms="5183" status="PASS">
          <reporter-output>
          </reporter-output>
        </test-method> <!-- verifyTheManageUsersPageIsOpenWhileClickingOnUsers -->
        <test-method is-config="true" signature="afterMethod()[pri:0, instance:testClasses.ManageUserTestClass@3cfdd820]" started-at="2025-01-02T14:07:02 IST" name="afterMethod" finished-at="2025-01-02T14:07:02 IST" duration-ms="376" status="PASS">
          <reporter-output>
          </reporter-output>
        </test-method> <!-- afterMethod -->
        <test-method is-config="true" signature="beforeMethod(java.lang.String)[pri:0, instance:testClasses.ManageUserTestClass@3cfdd820]" started-at="2025-01-02T14:07:02 IST" name="beforeMethod" finished-at="2025-01-02T14:07:05 IST" duration-ms="3337" status="PASS">
          <params>
            <param index="0">
              <value>
                <![CDATA[chrome]]>
              </value>
            </param>
          </params>
          <reporter-output>
          </reporter-output>
        </test-method> <!-- beforeMethod -->
        <test-method signature="verifyToAdd_aNewUser()[pri:1, instance:testClasses.ManageUserTestClass@3cfdd820]" started-at="2025-01-02T14:07:05 IST" name="verifyToAdd_aNewUser" finished-at="2025-01-02T14:07:17 IST" duration-ms="11800" status="PASS">
          <reporter-output>
          </reporter-output>
        </test-method> <!-- verifyToAdd_aNewUser -->
        <test-method is-config="true" signature="afterMethod()[pri:0, instance:testClasses.ManageUserTestClass@3cfdd820]" started-at="2025-01-02T14:07:17 IST" name="afterMethod" finished-at="2025-01-02T14:07:18 IST" duration-ms="329" status="PASS">
          <reporter-output>
          </reporter-output>
        </test-method> <!-- afterMethod -->
      </class> <!-- testClasses.ManageUserTestClass -->
      <class name="testClasses.HomePageTestClass">
        <test-method is-config="true" signature="createReport()[pri:0, instance:testClasses.HomePageTestClass@456d6c1e]" started-at="2025-01-02T14:06:26 IST" name="createReport" finished-at="2025-01-02T14:06:26 IST" duration-ms="16" status="PASS">
          <reporter-output>
          </reporter-output>
        </test-method> <!-- createReport -->
        <test-method is-config="true" signature="beforeMethod(java.lang.String)[pri:0, instance:testClasses.HomePageTestClass@456d6c1e]" started-at="2025-01-02T14:06:26 IST" name="beforeMethod" finished-at="2025-01-02T14:06:32 IST" duration-ms="5313" status="PASS">
          <params>
            <param index="0">
              <value>
                <![CDATA[chrome]]>
              </value>
            </param>
          </params>
          <reporter-output>
          </reporter-output>
        </test-method> <!-- beforeMethod -->
        <test-method signature="verifyAllTilesDisplayedOnHomePage()[pri:0, instance:testClasses.HomePageTestClass@456d6c1e]" started-at="2025-01-02T14:06:32 IST" name="verifyAllTilesDisplayedOnHomePage" finished-at="2025-01-02T14:06:36 IST" duration-ms="4147" status="PASS">
          <reporter-output>
          </reporter-output>
        </test-method> <!-- verifyAllTilesDisplayedOnHomePage -->
        <test-method is-config="true" signature="afterMethod()[pri:0, instance:testClasses.HomePageTestClass@456d6c1e]" started-at="2025-01-02T14:06:36 IST" name="afterMethod" finished-at="2025-01-02T14:06:36 IST" duration-ms="436" status="PASS">
          <reporter-output>
          </reporter-output>
        </test-method> <!-- afterMethod -->
        <test-method is-config="true" signature="beforeMethod(java.lang.String)[pri:0, instance:testClasses.HomePageTestClass@456d6c1e]" started-at="2025-01-02T14:06:36 IST" name="beforeMethod" finished-at="2025-01-02T14:06:40 IST" duration-ms="3959" status="PASS">
          <params>
            <param index="0">
              <value>
                <![CDATA[chrome]]>
              </value>
            </param>
          </params>
          <reporter-output>
          </reporter-output>
        </test-method> <!-- beforeMethod -->
        <test-method signature="verifySuccessfulSignOut()[pri:1, instance:testClasses.HomePageTestClass@456d6c1e]" started-at="2025-01-02T14:06:40 IST" name="verifySuccessfulSignOut" finished-at="2025-01-02T14:06:46 IST" duration-ms="5343" status="PASS">
          <reporter-output>
          </reporter-output>
        </test-method> <!-- verifySuccessfulSignOut -->
        <test-method is-config="true" signature="afterMethod()[pri:0, instance:testClasses.HomePageTestClass@456d6c1e]" started-at="2025-01-02T14:06:46 IST" name="afterMethod" finished-at="2025-01-02T14:06:46 IST" duration-ms="302" status="PASS">
          <reporter-output>
          </reporter-output>
        </test-method> <!-- afterMethod -->
        <test-method is-config="true" signature="beforeMethod(java.lang.String)[pri:0, instance:testClasses.HomePageTestClass@456d6c1e]" started-at="2025-01-02T14:06:46 IST" name="beforeMethod" finished-at="2025-01-02T14:06:50 IST" duration-ms="3593" status="PASS">
          <params>
            <param index="0">
              <value>
                <![CDATA[chrome]]>
              </value>
            </param>
          </params>
          <reporter-output>
          </reporter-output>
        </test-method> <!-- beforeMethod -->
        <test-method signature="verifyTheTooltip_Calculator_isShowingWhileHoveringTheMouseOnCalculator()[pri:2, instance:testClasses.HomePageTestClass@456d6c1e]" started-at="2025-01-02T14:06:50 IST" name="verifyTheTooltip_Calculator_isShowingWhileHoveringTheMouseOnCalculator" finished-at="2025-01-02T14:06:53 IST" duration-ms="3489" status="PASS">
          <reporter-output>
          </reporter-output>
        </test-method> <!-- verifyTheTooltip_Calculator_isShowingWhileHoveringTheMouseOnCalculator -->
        <test-method is-config="true" signature="afterMethod()[pri:0, instance:testClasses.HomePageTestClass@456d6c1e]" started-at="2025-01-02T14:06:53 IST" name="afterMethod" finished-at="2025-01-02T14:06:53 IST" duration-ms="365" status="PASS">
          <reporter-output>
          </reporter-output>
        </test-method> <!-- afterMethod -->
      </class> <!-- testClasses.HomePageTestClass -->
      <class name="testClasses.LoginPageTestClass">
        <test-method is-config="true" signature="beforeMethod(java.lang.String)[pri:0, instance:testClasses.LoginPageTestClass@e25951c]" started-at="2025-01-02T14:08:01 IST" name="beforeMethod" finished-at="2025-01-02T14:08:05 IST" duration-ms="4384" status="PASS">
          <params>
            <param index="0">
              <value>
                <![CDATA[chrome]]>
              </value>
            </param>
          </params>
          <reporter-output>
          </reporter-output>
        </test-method> <!-- beforeMethod -->
        <test-method signature="verifyTheExactURL_OpensWhileHittingTheBaseURL()[pri:0, instance:testClasses.LoginPageTestClass@e25951c]" started-at="2025-01-02T14:08:05 IST" name="verifyTheExactURL_OpensWhileHittingTheBaseURL" finished-at="2025-01-02T14:08:05 IST" duration-ms="49" status="PASS">
          <reporter-output>
          </reporter-output>
        </test-method> <!-- verifyTheExactURL_OpensWhileHittingTheBaseURL -->
        <test-method is-config="true" signature="afterMethod()[pri:0, instance:testClasses.LoginPageTestClass@e25951c]" started-at="2025-01-02T14:08:05 IST" name="afterMethod" finished-at="2025-01-02T14:08:06 IST" duration-ms="357" status="PASS">
          <reporter-output>
          </reporter-output>
        </test-method> <!-- afterMethod -->
        <test-method is-config="true" signature="beforeMethod(java.lang.String)[pri:0, instance:testClasses.LoginPageTestClass@e25951c]" started-at="2025-01-02T14:08:06 IST" name="beforeMethod" finished-at="2025-01-02T14:08:09 IST" duration-ms="3476" status="PASS">
          <params>
            <param index="0">
              <value>
                <![CDATA[chrome]]>
              </value>
            </param>
          </params>
          <reporter-output>
          </reporter-output>
        </test-method> <!-- beforeMethod -->
        <test-method signature="verifyTheRememberMeCheckboxIsSelectedByDefault()[pri:1, instance:testClasses.LoginPageTestClass@e25951c]" started-at="2025-01-02T14:08:09 IST" name="verifyTheRememberMeCheckboxIsSelectedByDefault" finished-at="2025-01-02T14:08:09 IST" duration-ms="104" status="PASS">
          <reporter-output>
          </reporter-output>
        </test-method> <!-- verifyTheRememberMeCheckboxIsSelectedByDefault -->
        <test-method is-config="true" signature="afterMethod()[pri:0, instance:testClasses.LoginPageTestClass@e25951c]" started-at="2025-01-02T14:08:09 IST" name="afterMethod" finished-at="2025-01-02T14:08:10 IST" duration-ms="466" status="PASS">
          <reporter-output>
          </reporter-output>
        </test-method> <!-- afterMethod -->
        <test-method is-config="true" signature="beforeMethod(java.lang.String)[pri:0, instance:testClasses.LoginPageTestClass@e25951c]" started-at="2025-01-02T14:08:10 IST" name="beforeMethod" finished-at="2025-01-02T14:08:13 IST" duration-ms="3285" status="PASS">
          <params>
            <param index="0">
              <value>
                <![CDATA[chrome]]>
              </value>
            </param>
          </params>
          <reporter-output>
          </reporter-output>
        </test-method> <!-- beforeMethod -->
        <test-method signature="verifyResetPasswordPageComingWhileChickingOnForgotYourPassword()[pri:2, instance:testClasses.LoginPageTestClass@e25951c]" started-at="2025-01-02T14:08:13 IST" name="verifyResetPasswordPageComingWhileChickingOnForgotYourPassword" finished-at="2025-01-02T14:08:15 IST" duration-ms="1508" status="PASS">
          <reporter-output>
          </reporter-output>
        </test-method> <!-- verifyResetPasswordPageComingWhileChickingOnForgotYourPassword -->
        <test-method is-config="true" signature="afterMethod()[pri:0, instance:testClasses.LoginPageTestClass@e25951c]" started-at="2025-01-02T14:08:15 IST" name="afterMethod" finished-at="2025-01-02T14:08:15 IST" duration-ms="826" status="PASS">
          <reporter-output>
          </reporter-output>
        </test-method> <!-- afterMethod -->
        <test-method is-config="true" signature="beforeMethod(java.lang.String)[pri:0, instance:testClasses.LoginPageTestClass@e25951c]" started-at="2025-01-02T14:08:16 IST" name="beforeMethod" finished-at="2025-01-02T14:08:21 IST" duration-ms="5248" status="PASS">
          <params>
            <param index="0">
              <value>
                <![CDATA[chrome]]>
              </value>
            </param>
          </params>
          <reporter-output>
          </reporter-output>
        </test-method> <!-- beforeMethod -->
        <test-method signature="verifyUnsuccessfulLoginOfTheSite(java.lang.String,java.lang.String)[pri:3, instance:testClasses.LoginPageTestClass@e25951c]" started-at="2025-01-02T14:08:21 IST" name="verifyUnsuccessfulLoginOfTheSite" data-provider="UnsuccessfulLogin" finished-at="2025-01-02T14:08:22 IST" duration-ms="1133" status="PASS">
          <params>
            <param index="0">
              <value>
                <![CDATA[adm]]>
              </value>
            </param>
            <param index="1">
              <value>
                <![CDATA[123456]]>
              </value>
            </param>
          </params>
          <reporter-output>
          </reporter-output>
        </test-method> <!-- verifyUnsuccessfulLoginOfTheSite -->
        <test-method is-config="true" signature="afterMethod()[pri:0, instance:testClasses.LoginPageTestClass@e25951c]" started-at="2025-01-02T14:08:22 IST" name="afterMethod" finished-at="2025-01-02T14:08:23 IST" duration-ms="878" status="PASS">
          <reporter-output>
          </reporter-output>
        </test-method> <!-- afterMethod -->
        <test-method is-config="true" signature="beforeMethod(java.lang.String)[pri:0, instance:testClasses.LoginPageTestClass@e25951c]" started-at="2025-01-02T14:08:23 IST" name="beforeMethod" finished-at="2025-01-02T14:08:28 IST" duration-ms="4766" status="PASS">
          <params>
            <param index="0">
              <value>
                <![CDATA[chrome]]>
              </value>
            </param>
          </params>
          <reporter-output>
          </reporter-output>
        </test-method> <!-- beforeMethod -->
        <test-method signature="verifyUnsuccessfulLoginOfTheSite(java.lang.String,java.lang.String)[pri:3, instance:testClasses.LoginPageTestClass@e25951c]" started-at="2025-01-02T14:08:28 IST" name="verifyUnsuccessfulLoginOfTheSite" data-provider="UnsuccessfulLogin" finished-at="2025-01-02T14:08:29 IST" duration-ms="1424" status="PASS">
          <params>
            <param index="0">
              <value>
                <![CDATA[admin]]>
              </value>
            </param>
            <param index="1">
              <value>
                <![CDATA[ad]]>
              </value>
            </param>
          </params>
          <reporter-output>
          </reporter-output>
        </test-method> <!-- verifyUnsuccessfulLoginOfTheSite -->
        <test-method is-config="true" signature="afterMethod()[pri:0, instance:testClasses.LoginPageTestClass@e25951c]" started-at="2025-01-02T14:08:29 IST" name="afterMethod" finished-at="2025-01-02T14:08:29 IST" duration-ms="295" status="PASS">
          <reporter-output>
          </reporter-output>
        </test-method> <!-- afterMethod -->
        <test-method is-config="true" signature="beforeMethod(java.lang.String)[pri:0, instance:testClasses.LoginPageTestClass@e25951c]" started-at="2025-01-02T14:08:29 IST" name="beforeMethod" finished-at="2025-01-02T14:08:32 IST" duration-ms="2667" status="PASS">
          <params>
            <param index="0">
              <value>
                <![CDATA[chrome]]>
              </value>
            </param>
          </params>
          <reporter-output>
          </reporter-output>
        </test-method> <!-- beforeMethod -->
        <test-method signature="verifyUnsuccessfulLoginOfTheSite(java.lang.String,java.lang.String)[pri:3, instance:testClasses.LoginPageTestClass@e25951c]" started-at="2025-01-02T14:08:32 IST" name="verifyUnsuccessfulLoginOfTheSite" data-provider="UnsuccessfulLogin" finished-at="2025-01-02T14:08:33 IST" duration-ms="1152" status="PASS">
          <params>
            <param index="0">
              <value>
                <![CDATA[ad]]>
              </value>
            </param>
            <param index="1">
              <value>
                <![CDATA[124]]>
              </value>
            </param>
          </params>
          <reporter-output>
          </reporter-output>
        </test-method> <!-- verifyUnsuccessfulLoginOfTheSite -->
        <test-method is-config="true" signature="afterMethod()[pri:0, instance:testClasses.LoginPageTestClass@e25951c]" started-at="2025-01-02T14:08:33 IST" name="afterMethod" finished-at="2025-01-02T14:08:34 IST" duration-ms="319" status="PASS">
          <reporter-output>
          </reporter-output>
        </test-method> <!-- afterMethod -->
        <test-method is-config="true" signature="beforeMethod(java.lang.String)[pri:0, instance:testClasses.LoginPageTestClass@e25951c]" started-at="2025-01-02T14:08:34 IST" name="beforeMethod" finished-at="2025-01-02T14:08:37 IST" duration-ms="2999" status="PASS">
          <params>
            <param index="0">
              <value>
                <![CDATA[chrome]]>
              </value>
            </param>
          </params>
          <reporter-output>
          </reporter-output>
        </test-method> <!-- beforeMethod -->
        <test-method signature="verifySuccessfullLogin()[pri:4, instance:testClasses.LoginPageTestClass@e25951c]" started-at="2025-01-02T14:08:37 IST" name="verifySuccessfullLogin" finished-at="2025-01-02T14:08:40 IST" duration-ms="3224" status="PASS">
          <reporter-output>
          </reporter-output>
        </test-method> <!-- verifySuccessfullLogin -->
        <test-method is-config="true" signature="afterMethod()[pri:0, instance:testClasses.LoginPageTestClass@e25951c]" started-at="2025-01-02T14:08:40 IST" name="afterMethod" finished-at="2025-01-02T14:08:40 IST" duration-ms="442" status="PASS">
          <reporter-output>
          </reporter-output>
        </test-method> <!-- afterMethod -->
      </class> <!-- testClasses.LoginPageTestClass -->
      <class name="testClasses.ManageProductTestClass">
        <test-method is-config="true" signature="beforeMethod(java.lang.String)[pri:0, instance:testClasses.ManageProductTestClass@928763c]" started-at="2025-01-02T14:07:18 IST" name="beforeMethod" finished-at="2025-01-02T14:07:21 IST" duration-ms="3130" status="PASS">
          <params>
            <param index="0">
              <value>
                <![CDATA[chrome]]>
              </value>
            </param>
          </params>
          <reporter-output>
          </reporter-output>
        </test-method> <!-- beforeMethod -->
        <test-method signature="verifyProductsPageIsOpenWhileClickingOnListProducts()[pri:0, instance:testClasses.ManageProductTestClass@928763c]" started-at="2025-01-02T14:07:21 IST" name="verifyProductsPageIsOpenWhileClickingOnListProducts" finished-at="2025-01-02T14:07:27 IST" duration-ms="5960" status="PASS">
          <reporter-output>
          </reporter-output>
        </test-method> <!-- verifyProductsPageIsOpenWhileClickingOnListProducts -->
        <test-method is-config="true" signature="afterMethod()[pri:0, instance:testClasses.ManageProductTestClass@928763c]" started-at="2025-01-02T14:07:27 IST" name="afterMethod" finished-at="2025-01-02T14:07:27 IST" duration-ms="340" status="PASS">
          <reporter-output>
          </reporter-output>
        </test-method> <!-- afterMethod -->
        <test-method is-config="true" signature="beforeMethod(java.lang.String)[pri:0, instance:testClasses.ManageProductTestClass@928763c]" started-at="2025-01-02T14:07:27 IST" name="beforeMethod" finished-at="2025-01-02T14:07:30 IST" duration-ms="3262" status="PASS">
          <params>
            <param index="0">
              <value>
                <![CDATA[chrome]]>
              </value>
            </param>
          </params>
          <reporter-output>
          </reporter-output>
        </test-method> <!-- beforeMethod -->
        <test-method signature="verifyToCreateA_newProduct()[pri:1, instance:testClasses.ManageProductTestClass@928763c]" started-at="2025-01-02T14:07:30 IST" name="verifyToCreateA_newProduct" finished-at="2025-01-02T14:07:43 IST" duration-ms="12606" status="PASS">
          <reporter-output>
          </reporter-output>
        </test-method> <!-- verifyToCreateA_newProduct -->
        <test-method is-config="true" signature="afterMethod()[pri:0, instance:testClasses.ManageProductTestClass@928763c]" started-at="2025-01-02T14:07:43 IST" name="afterMethod" finished-at="2025-01-02T14:07:43 IST" duration-ms="355" status="PASS">
          <reporter-output>
          </reporter-output>
        </test-method> <!-- afterMethod -->
        <test-method is-config="true" signature="beforeMethod(java.lang.String)[pri:0, instance:testClasses.ManageProductTestClass@928763c]" started-at="2025-01-02T14:07:43 IST" name="beforeMethod" finished-at="2025-01-02T14:07:46 IST" duration-ms="2787" status="PASS">
          <params>
            <param index="0">
              <value>
                <![CDATA[chrome]]>
              </value>
            </param>
          </params>
          <reporter-output>
          </reporter-output>
        </test-method> <!-- beforeMethod -->
        <test-method signature="verifyToDeleteAddedProduct()[pri:2, instance:testClasses.ManageProductTestClass@928763c]" started-at="2025-01-02T14:07:46 IST" name="verifyToDeleteAddedProduct" finished-at="2025-01-02T14:08:00 IST" duration-ms="14250" status="PASS">
          <reporter-output>
          </reporter-output>
        </test-method> <!-- verifyToDeleteAddedProduct -->
        <test-method is-config="true" signature="afterMethod()[pri:0, instance:testClasses.ManageProductTestClass@928763c]" started-at="2025-01-02T14:08:00 IST" name="afterMethod" finished-at="2025-01-02T14:08:01 IST" duration-ms="616" status="PASS">
          <reporter-output>
          </reporter-output>
        </test-method> <!-- afterMethod -->
      </class> <!-- testClasses.ManageProductTestClass -->
    </test> <!-- Test -->
  </suite> <!-- Suite -->
</testng-results>
